INFO:__main__:Initializing RFID reader...
INFO:__main__:Found PN532 with firmware version: 1.6
INFO:__main__:Found PN532 with firmware version: 1.6
INFO:__main__:RFID reader initialized successfully.
INFO:__main__:Waiting for RFID card...
INFO:__main__:Found card with UID: ['0x6d', '0xc1', '0xea', '0x36']
INFO:__main__:Found card with UID: ['0x6d', '0xc1', '0xea', '0x36']
INFO:__main__:Reading Bottle ID from card...
INFO:__main__:Successfully read Bottle ID 23 from card.
INFO:__main__:Processing Bottle ID and retrieving data...
INFO:__main__:Found Rezept_ID 3 and Tagged_Date 2024-12-09 15:15:04 for Flaschen_ID 23.
INFO:__main__:QR-Code gespeichert unter /home/MaFa/MaFa_P5.1/src/QR_CODES/qrcode_23.png.
INFO:__main__:Successfully completed the process! Returning to State1.
INFO:__main__:Initializing RFID reader...
INFO:__main__:Found PN532 with firmware version: 1.6
INFO:__main__:Found PN532 with firmware version: 1.6
INFO:__main__:RFID reader initialized successfully.
INFO:__main__:Waiting for RFID card...
INFO:__main__:Found card with UID: ['0x6d', '0xc1', '0xea', '0x36']
INFO:__main__:Found card with UID: ['0x6d', '0xc1', '0xea', '0x36']
INFO:__main__:Reading Bottle ID from card...
INFO:__main__:Successfully read Bottle ID 24 from card.
INFO:__main__:Processing Bottle ID and retrieving data...
INFO:__main__:Found Rezept_ID 2 and Tagged_Date 2024-12-09 15:15:30 for Flaschen_ID 24.
INFO:__main__:QR-Code gespeichert unter /home/MaFa/MaFa_P5.1/src/QR_CODES/qrcode_24.png.
INFO:__main__:Successfully completed the process! Returning to State1.
INFO:__main__:Initializing RFID reader...
INFO:__main__:Found PN532 with firmware version: 1.6
INFO:__main__:Found PN532 with firmware version: 1.6
INFO:__main__:RFID reader initialized successfully.
INFO:__main__:Waiting for RFID card...
INFO:__main__:Found card with UID: ['0x6d', '0xc1', '0xea', '0x36']
INFO:__main__:Found card with UID: ['0x6d', '0xc1', '0xea', '0x36']
INFO:__main__:Reading Bottle ID from card...
INFO:__main__:Successfully read Bottle ID 25 from card.
INFO:__main__:Processing Bottle ID and retrieving data...
INFO:__main__:Found Rezept_ID 1 and Tagged_Date 2024-12-09 15:15:45 for Flaschen_ID 25.
INFO:__main__:QR-Code gespeichert unter /home/MaFa/MaFa_P5.1/src/QR_CODES/qrcode_25.png.
INFO:__main__:Successfully completed the process! Returning to State1.
