INFO:__main__:Initializing RFID reader...
INFO:__main__:Found PN532 with firmware version: 1.6
INFO:__main__:Found PN532 with firmware version: 1.6
INFO:__main__:RFID reader initialized successfully.
INFO:__main__:Waiting for RFID card...
INFO:__main__:Found card with UID: ['0x6d', '0xc1', '0xea', '0x36']
INFO:__main__:Found card with UID: ['0x6d', '0xc1', '0xea', '0x36']
INFO:__main__:Writing Bottle ID to card...
INFO:__main__:Successfully wrote data to block 2
INFO:__main__:Successfully wrote Bottle ID 18 to card.
INFO:__main__:Saving Bottle ID and timestamp to database...
INFO:__main__:Successfully saved to database.
INFO:__main__:Successfully completed the process! Returning to State1.
INFO:__main__:Initializing RFID reader...
INFO:__main__:Found PN532 with firmware version: 1.6
INFO:__main__:Found PN532 with firmware version: 1.6
INFO:__main__:RFID reader initialized successfully.
INFO:__main__:Waiting for RFID card...
INFO:__main__:Found card with UID: ['0x6d', '0xc1', '0xea', '0x36']
INFO:__main__:Found card with UID: ['0x6d', '0xc1', '0xea', '0x36']
INFO:__main__:Writing Bottle ID to card...
ERROR:__main__:Failed to authenticate block 2 for writing
ERROR:__main__:Failed to write to card. Waiting for a new card.
INFO:__main__:Waiting for RFID card...
INFO:__main__:Found card with UID: ['0x6d', '0xc1', '0xea', '0x36']
INFO:__main__:Found card with UID: ['0x6d', '0xc1', '0xea', '0x36']
INFO:__main__:Writing Bottle ID to card...
INFO:__main__:Successfully wrote data to block 2
INFO:__main__:Successfully wrote Bottle ID 19 to card.
INFO:__main__:Saving Bottle ID and timestamp to database...
INFO:__main__:Successfully saved to database.
INFO:__main__:Successfully completed the process! Returning to State1.
INFO:__main__:Initializing RFID reader...
INFO:__main__:Found PN532 with firmware version: 1.6
INFO:__main__:Found PN532 with firmware version: 1.6
INFO:__main__:RFID reader initialized successfully.
INFO:__main__:Waiting for RFID card...
INFO:__main__:Found card with UID: ['0x6d', '0xc1', '0xea', '0x36']
INFO:__main__:Found card with UID: ['0x6d', '0xc1', '0xea', '0x36']
INFO:__main__:Writing Bottle ID to card...
INFO:__main__:Successfully wrote data to block 2
INFO:__main__:Successfully wrote Bottle ID 20 to card.
INFO:__main__:Saving Bottle ID and timestamp to database...
INFO:__main__:Successfully saved to database.
INFO:__main__:Successfully completed the process! Returning to State1.
INFO:__main__:Initializing RFID reader...
INFO:__main__:Found PN532 with firmware version: 1.6
INFO:__main__:Found PN532 with firmware version: 1.6
INFO:__main__:RFID reader initialized successfully.
INFO:__main__:Waiting for RFID card...
INFO:__main__:Found card with UID: ['0x6d', '0xc1', '0xea', '0x36']
INFO:__main__:Found card with UID: ['0x6d', '0xc1', '0xea', '0x36']
INFO:__main__:Writing Bottle ID to card...
ERROR:__main__:Failed to authenticate block 2 for writing
ERROR:__main__:Failed to write to card. Waiting for a new card.
INFO:__main__:Waiting for RFID card...
INFO:__main__:Found card with UID: ['0x6d', '0xc1', '0xea', '0x36']
INFO:__main__:Found card with UID: ['0x6d', '0xc1', '0xea', '0x36']
INFO:__main__:Writing Bottle ID to card...
INFO:__main__:Successfully wrote data to block 2
INFO:__main__:Successfully wrote Bottle ID 21 to card.
INFO:__main__:Saving Bottle ID and timestamp to database...
INFO:__main__:Successfully saved to database.
INFO:__main__:Successfully completed the process! Returning to State1.
INFO:__main__:Initializing RFID reader...
INFO:__main__:Found PN532 with firmware version: 1.6
INFO:__main__:Found PN532 with firmware version: 1.6
INFO:__main__:RFID reader initialized successfully.
INFO:__main__:Waiting for RFID card...
INFO:__main__:Found card with UID: ['0x6d', '0xc1', '0xea', '0x36']
INFO:__main__:Found card with UID: ['0x6d', '0xc1', '0xea', '0x36']
INFO:__main__:Writing Bottle ID to card...
INFO:__main__:Successfully wrote data to block 2
INFO:__main__:Successfully wrote Bottle ID 22 to card.
INFO:__main__:Saving Bottle ID and timestamp to database...
INFO:__main__:Successfully saved to database.
INFO:__main__:Successfully completed the process! Returning to State1.
